focal_from_exif: 1.34873604774
detect_features: 18.4951469898
focal_from_exif: 0.0443570613861
detect_features: 2.663022995
match_features: 15.9908521175
create_tracks: 0.272330999374
reconstruct: 3.31122708321
mesh: 0.113174915314
focal_from_exif: 0.0653338432312
detect_features: 2.96671795845
match_features: 88.4221301079
create_tracks: 1.09069705009
reconstruct: 2.46710586548
mesh: 0.0820469856262
focal_from_exif: 0.0335648059845
detect_features: 2.59344601631
match_features: 88.1291201115
create_tracks: 1.12696194649
reconstruct: 2.57504200935
mesh: 0.0809509754181
focal_from_exif: 1.8721241951
detect_features: 33.6383018494
match_features: 722.909955978
create_tracks: 4.28240704536
reconstruct: 41.6474289894
mesh: 2.74789094925
